<?xml version="1.0" encoding="UTF-8"?>
<!-- Generated by org.testng.reporters.JUnitReportReporter -->
<testsuite hostname="DESKTOP-EM6K5D9" failures="0" tests="1" name="TC1_GETRequest" time="3.026" errors="0" timestamp="2021-09-21T20:36:57 IST" skipped="0">
  <testcase classname="TC1_GETRequest" name="createUser" time="3.026"/>
  <system-out/>
</testsuite> <!-- TC1_GETRequest -->
