<?xml version="1.0" encoding="UTF-8"?>
<!-- Generated by org.testng.reporters.JUnitReportReporter -->
<testsuite hostname="DESKTOP-EM6K5D9" failures="0" tests="4" name="TC_01" time="2.880" errors="0" timestamp="2021-09-23T01:53:04 IST" skipped="3">
  <testcase classname="TC_01" name="getUser" time="2.880"/>
  <system-out/>
  <testcase classname="TC_01" name="updateUser">
    <skipped/>
  </testcase> <!-- updateUser -->
  <system-out/>
  <testcase classname="TC_01" name="deleteUser">
    <skipped/>
  </testcase> <!-- deleteUser -->
  <system-out/>
  <testcase classname="TC_01" name="createUser">
    <skipped/>
  </testcase> <!-- createUser -->
  <system-out/>
</testsuite> <!-- TC_01 -->
